# JRE version: OpenJDK Runtime Environment Temurin-17.0.2+8 (17.0.2+8) (build 17.0.2+8)
# Java VM: OpenJDK 64-Bit Server VM Temurin-17.0.2+8 (17.0.2+8, mixed mode, tiered, compressed oops, compressed class ptrs, g1 gc, bsd-amd64)
Heap:
 garbage-first heap   total 382976K, used 239348K [0x0000000700000000, 0x0000000800000000)
  region size 2048K, 8 young (16384K), 3 survivors (6144K)
 Metaspace       used 21684K, committed 22016K, reserved 1073152K
  class space    used 2725K, committed 2880K, reserved 1048576K
GC Heap History (10 events):
Event: 0.809 GC heap before
{Heap before GC invocations=0 (full 0):
 garbage-first heap   total 262144K, used 28672K [0x0000000700000000, 0x0000000800000000)
  region size 2048K, 11 young (22528K), 0 survivors (0K)
 Metaspace       used 11825K, committed 11968K, reserved 1064960K
  class space    used 1263K, committed 1344K, reserved 1048576K
}
Event: 0.819 GC heap after
{Heap after GC invocations=1 (full 0):
 garbage-first heap   total 262144K, used 8768K [0x0000000700000000, 0x0000000800000000)
  region size 2048K, 2 young (4096K), 2 survivors (4096K)
 Metaspace       used 11825K, committed 11968K, reserved 1064960K
  class space    used 1263K, committed 1344K, reserved 1048576K
}
Event: 1.696 GC heap before
{Heap before GC invocations=1 (full 0):
 garbage-first heap   total 262144K, used 94784K [0x0000000700000000, 0x0000000800000000)
  region size 2048K, 10 young (20480K), 2 survivors (4096K)
 Metaspace       used 15071K, committed 15296K, reserved 1064960K
  class space    used 1797K, committed 1920K, reserved 1048576K
}
Event: 1.701 GC heap after
{Heap after GC invocations=2 (full 0):
 garbage-first heap   total 262144K, used 82469K [0x0000000700000000, 0x0000000800000000)
  region size 2048K, 3 young (6144K), 3 survivors (6144K)
 Metaspace       used 15071K, committed 15296K, reserved 1064960K
  class space    used 1797K, committed 1920K, reserved 1048576K
}
Event: 2.129 GC heap before
{Heap before GC invocations=2 (full 0):
 garbage-first heap   total 262144K, used 160293K [0x0000000700000000, 0x0000000800000000)
  region size 2048K, 7 young (14336K), 3 survivors (6144K)
 Metaspace       used 16887K, committed 17152K, reserved 1064960K
  class space    used 2122K, committed 2240K, reserved 1048576K
}
Event: 2.136 GC heap after
{Heap after GC invocations=3 (full 0):
 garbage-first heap   total 262144K, used 155235K [0x0000000700000000, 0x0000000800000000)
  region size 2048K, 3 young (6144K), 3 survivors (6144K)
 Metaspace       used 16887K, committed 17152K, reserved 1064960K
  class space    used 2122K, committed 2240K, reserved 1048576K
}
Event: 2.454 GC heap before
{Heap before GC invocations=4 (full 0):
 garbage-first heap   total 382976K, used 231011K [0x0000000700000000, 0x0000000800000000)
  region size 2048K, 6 young (12288K), 3 survivors (6144K)
 Metaspace       used 17839K, committed 18112K, reserved 1064960K
  class space    used 2240K, committed 2368K, reserved 1048576K
}
Event: 2.462 GC heap after
{Heap after GC invocations=5 (full 0):
 garbage-first heap   total 382976K, used 155663K [0x0000000700000000, 0x0000000800000000)
  region size 2048K, 2 young (4096K), 2 survivors (4096K)
 Metaspace       used 17839K, committed 18112K, reserved 1064960K
  class space    used 2240K, committed 2368K, reserved 1048576K
}
Event: 23.472 GC heap before
{Heap before GC invocations=5 (full 0):
 garbage-first heap   total 382976K, used 182287K [0x0000000700000000, 0x0000000800000000)
  region size 2048K, 15 young (30720K), 2 survivors (4096K)
 Metaspace       used 21522K, committed 21824K, reserved 1073152K
  class space    used 2713K, committed 2880K, reserved 1048576K
}
Event: 23.480 GC heap after
{Heap after GC invocations=6 (full 0):
 garbage-first heap   total 382976K, used 159476K [0x0000000700000000, 0x0000000800000000)
  region size 2048K, 3 young (6144K), 3 survivors (6144K)
 Metaspace       used 21522K, committed 21824K, reserved 1073152K
  class space    used 2713K, committed 2880K, reserved 1048576K
}

